2022-03-12 15:18:05,553 INFO __main__:checkMultiple() : Checking: AAPL (10 day window)
2022-03-12 15:18:06,823 INFO __main__:checkMultiple() : Checking: MSFT (10 day window)
2022-03-12 15:18:06,917 INFO __main__:checkMultiple() : Checking: GOOGL (10 day window)
2022-03-12 15:18:06,981 INFO __main__:checkMultiple() : Checking: AMZN (10 day window)
2022-03-12 15:18:07,078 INFO __main__:checkMultiple() : Checking: TSLA (10 day window)
2022-03-12 15:18:07,153 INFO __main__:checkMultiple() : Checking: NVDA (10 day window)
2022-03-12 15:18:07,243 INFO __main__:checkMultiple() : Checking: TSM (10 day window)
2022-03-12 15:18:07,341 INFO __main__:checkMultiple() : Checking: FB (10 day window)
2022-03-12 15:18:07,428 INFO __main__:checkMultiple() : Checking: V (10 day window)
2022-03-12 15:18:07,519 INFO __main__:checkMultiple() : Checking: UNH (10 day window)
2022-03-12 15:18:07,649 INFO __main__:checkMultiple() : Checking: JPM (10 day window)
2022-03-12 15:18:07,763 INFO __main__:checkMultiple() : Checking: JNJ (10 day window)
2022-03-12 15:18:07,910 INFO __main__:checkMultiple() : Checking: BAC (10 day window)
2022-03-12 15:18:08,063 INFO __main__:checkMultiple() : Checking: WMT (10 day window)
2022-03-12 15:18:08,192 INFO __main__:checkMultiple() : Checking: PG (10 day window)
2022-03-12 15:18:08,332 INFO __main__:checkMultiple() : Checking: MA (10 day window)
2022-03-12 15:18:08,420 INFO __main__:checkMultiple() : Checking: HD (10 day window)
2022-03-12 15:18:08,545 INFO __main__:checkMultiple() : Checking: ZOM (10 day window)
2022-03-12 15:18:08,621 INFO __main__:checkMultiple() : Checking: BABA (10 day window)
2022-03-12 15:18:08,694 INFO __main__:checkMultiple() : Checking: DIS (10 day window)
2022-03-12 15:18:08,827 INFO __main__:checkMultiple() : Checking: ASML (10 day window)
2022-03-12 15:18:08,928 INFO __main__:checkMultiple() : Checking: KO (10 day window)
2022-03-12 15:18:09,092 INFO __main__:checkMultiple() : Checking: CVX (10 day window)
2022-03-12 15:18:09,251 INFO __main__:checkMultiple() : Checking: PFE (10 day window)
2022-03-12 15:18:09,388 INFO __main__:checkMultiple() : Checking: ABBV (10 day window)
2022-03-12 15:18:09,470 INFO __main__:checkMultiple() : Checking: TM (10 day window)
2022-03-12 15:18:09,565 INFO __main__:checkMultiple() : Checking: NTES (10 day window)
2022-03-12 15:18:09,665 INFO __main__:checkMultiple() : Checking: AVGO (10 day window)
2022-03-12 15:18:09,743 INFO __main__:checkMultiple() : Checking: LLY (10 day window)
2022-03-12 15:18:09,868 INFO __main__:checkMultiple() : Checking: CSCO (10 day window)
2022-03-12 15:18:09,943 INFO __main__:checkMultiple() : Checking: PEP (10 day window)
2022-03-12 15:18:10,083 INFO __main__:checkMultiple() : Checking: NVO (10 day window)
2022-03-12 15:18:10,226 INFO __main__:checkMultiple() : Checking: COST (10 day window)
2022-03-12 15:18:10,323 INFO __main__:checkMultiple() : Checking: VZ (10 day window)
2022-03-12 15:18:10,484 INFO __main__:checkMultiple() : Checking: ADBE (10 day window)
2022-03-12 15:18:10,569 INFO __main__:checkMultiple() : Checking: NKE (10 day window)
2022-03-12 15:18:10,678 INFO __main__:checkMultiple() : Checking: TMO (10 day window)
2022-03-12 15:18:10,804 INFO __main__:checkMultiple() : Checking: ABT (10 day window)
2022-03-12 15:18:10,950 INFO __main__:checkMultiple() : Checking: CMCSA (10 day window)
2022-03-12 15:18:11,087 INFO __main__:checkMultiple() : Checking: WFC (10 day window)
2022-03-12 15:18:11,237 INFO __main__:checkMultiple() : Checking: CRM (10 day window)
2022-03-12 15:18:11,310 INFO __main__:checkMultiple() : Checking: ACN (10 day window)
2022-03-12 15:18:11,402 INFO __main__:checkMultiple() : Checking: ORCL (10 day window)
2022-03-12 15:18:11,502 INFO __main__:checkMultiple() : Checking: SHEL (10 day window)
2022-03-12 15:18:11,610 INFO __main__:checkMultiple() : Checking: DHR (10 day window)
2022-03-12 15:18:11,777 INFO __main__:checkMultiple() : Checking: NVS (10 day window)
2022-03-12 15:18:11,881 INFO __main__:checkMultiple() : Checking: INTC (10 day window)
2022-03-12 15:18:12,043 INFO __main__:checkMultiple() : Checking: QCOM (10 day window)
2022-03-12 15:18:12,144 INFO __main__:checkMultiple() : Checking: MRK (10 day window)
2022-03-12 15:18:12,314 INFO __main__:checkMultiple() : Checking: MCD (10 day window)
2022-03-12 15:18:12,488 INFO __main__:checkMultiple() : Checking: UPS (10 day window)
2022-03-12 15:18:12,587 INFO __main__:checkMultiple() : Checking: AZN (10 day window)
2022-03-12 15:18:12,702 INFO __main__:checkMultiple() : Checking: NFLX (10 day window)
2022-03-12 15:18:12,775 INFO __main__:checkMultiple() : Checking: T (10 day window)
2022-03-12 15:18:12,894 INFO __main__:checkMultiple() : Checking: MS (10 day window)
2022-03-12 15:18:13,008 INFO __main__:checkMultiple() : Checking: BHP (10 day window)
2022-03-12 15:18:13,112 INFO __main__:checkMultiple() : Checking: PM (10 day window)
2022-03-12 15:18:13,211 INFO __main__:checkMultiple() : Checking: TXN (10 day window)
2022-03-12 15:18:13,326 INFO __main__:checkMultiple() : Checking: SCHW (10 day window)
2022-03-12 15:18:13,436 INFO __main__:checkMultiple() : Checking: TMUS (10 day window)
2022-03-12 15:18:13,507 INFO __main__:checkMultiple() : Checking: UNP (10 day window)
2022-03-12 15:18:13,623 INFO __main__:checkMultiple() : Checking: RY (10 day window)
2022-03-12 15:18:13,717 INFO __main__:checkMultiple() : Checking: NEE (10 day window)
2022-03-12 15:18:13,870 INFO __main__:checkMultiple() : Checking: BMY (10 day window)
2022-03-12 15:18:14,059 INFO __main__:checkMultiple() : Checking: LIN (10 day window)
2022-03-12 15:18:14,198 INFO __main__:checkMultiple() : Checking: TD (10 day window)
2022-03-12 15:18:14,306 INFO __main__:checkMultiple() : Checking: LOW (10 day window)
2022-03-12 15:18:14,439 INFO __main__:checkMultiple() : Checking: AXP (10 day window)
2022-03-12 15:18:14,555 INFO __main__:checkMultiple() : Checking: HSBC (10 day window)
2022-03-12 15:18:14,671 INFO __main__:checkMultiple() : Checking: INTU (10 day window)
2022-03-12 15:18:14,759 INFO __main__:checkMultiple() : Checking: RTX (10 day window)
2022-03-12 15:18:14,900 INFO __main__:checkMultiple() : Checking: MDT (10 day window)
2022-03-12 15:18:15,022 INFO __main__:checkMultiple() : Checking: TTE (10 day window)
2022-03-12 15:18:15,136 INFO __main__:checkMultiple() : Checking: CVS (10 day window)
2022-03-12 15:18:15,289 INFO __main__:checkMultiple() : Checking: SAP (10 day window)
2022-03-12 15:18:15,388 INFO __main__:checkMultiple() : Checking: SNY (10 day window)
2022-03-12 15:18:15,496 INFO __main__:checkMultiple() : Checking: SONY (10 day window)
2022-03-12 15:18:16,824 INFO __main__:checkMultiple() : Checking: UL (10 day window)
2022-03-12 15:18:16,945 INFO __main__:checkMultiple() : Checking: HON (10 day window)
2022-03-12 15:18:17,095 INFO __main__:checkMultiple() : Checking: PYPL (10 day window)
2022-03-12 15:18:17,172 INFO __main__:checkMultiple() : Checking: AMGN (10 day window)
2022-03-12 15:18:17,263 INFO __main__:checkMultiple() : Checking: RIO (10 day window)
2022-03-12 15:18:17,393 INFO __main__:checkMultiple() : Checking: C (10 day window)
2022-03-12 15:18:17,518 INFO __main__:checkMultiple() : Checking: CHTR (10 day window)
2022-03-12 15:18:17,593 INFO __main__:checkMultiple() : Checking: HDB (10 day window)
2022-03-12 15:18:17,714 INFO __main__:checkMultiple() : Checking: AMAT (10 day window)
2022-03-12 15:18:17,803 INFO __main__:checkMultiple() : Checking: BA (10 day window)
2022-03-12 15:18:17,958 INFO __main__:checkMultiple() : Checking: NOW (10 day window)
2022-03-12 15:18:18,067 INFO __main__:checkMultiple() : Checking: COP (10 day window)
2022-03-12 15:18:18,186 INFO __main__:checkMultiple() : Checking: GS (10 day window)
2022-03-12 15:18:18,276 INFO __main__:checkMultiple() : Checking: DEO (10 day window)
2022-03-12 15:18:18,380 INFO __main__:checkMultiple() : Checking: BLK (10 day window)
2022-03-12 15:18:18,471 INFO __main__:checkMultiple() : Checking: JD (10 day window)
2022-03-12 15:18:19,209 INFO __main__:checkMultiple() : Checking: IBM (10 day window)
2022-03-12 15:18:19,345 INFO __main__:checkMultiple() : Checking: BUD (10 day window)
2022-03-12 15:18:19,439 INFO __main__:checkMultiple() : Checking: LMT (10 day window)
2022-03-12 15:18:19,576 INFO __main__:checkMultiple() : Checking: ANTM (10 day window)
2022-03-12 15:18:19,664 INFO __main__:checkMultiple() : Checking: PLD (10 day window)
2022-03-12 15:18:21,075 INFO __main__:checkMultiple() : Checking: COIN (10 day window)
2022-03-12 15:18:21,706 INFO __main__:checkMultiple() : Checking: PLTR (10 day window)
2022-03-12 15:18:22,535 INFO __main__:checkMultiple() : Checking: EA (10 day window)
2022-03-12 15:18:23,395 INFO __main__:checkMultiple() : Checking: GE (10 day window)
2022-03-12 15:18:24,821 INFO __main__:checkMultiple() : Checking: AAL (10 day window)
2022-03-12 15:18:25,828 INFO __main__:checkMultiple() : Checking: TAP (10 day window)
2022-03-12 15:18:27,153 INFO __main__:checkMultiple() : Checking: YUM (10 day window)
2022-03-12 15:18:28,154 INFO __main__:checkMultiple() : Checking: WM (10 day window)
2022-03-12 15:18:29,232 INFO __main__:checkMultiple() : Checking: GM (10 day window)
2022-03-12 15:18:30,316 INFO __main__:checkMultiple() : Checking: CRWD (10 day window)
2022-03-12 15:18:31,086 INFO __main__:checkMultiple() : Checking: AAPL (20 day window)
2022-03-12 15:18:31,211 INFO __main__:checkMultiple() : Checking: MSFT (20 day window)
2022-03-12 15:18:32,048 INFO __main__:checkMultiple() : Checking: GOOGL (20 day window)
2022-03-12 15:18:32,674 INFO __main__:checkMultiple() : Checking: AMZN (20 day window)
2022-03-12 15:18:32,751 INFO __main__:checkMultiple() : Checking: TSLA (20 day window)
2022-03-12 15:18:33,595 INFO __main__:checkMultiple() : Checking: NVDA (20 day window)
2022-03-12 15:18:34,900 INFO __main__:checkMultiple() : Checking: TSM (20 day window)
2022-03-12 15:18:35,989 INFO __main__:checkMultiple() : Checking: FB (20 day window)
2022-03-12 15:18:36,669 INFO __main__:checkMultiple() : Checking: V (20 day window)
2022-03-12 15:18:37,798 INFO __main__:checkMultiple() : Checking: UNH (20 day window)
2022-03-12 15:18:39,110 INFO __main__:checkMultiple() : Checking: JPM (20 day window)
2022-03-12 15:18:40,367 INFO __main__:checkMultiple() : Checking: JNJ (20 day window)
2022-03-12 15:18:41,455 INFO __main__:checkMultiple() : Checking: BAC (20 day window)
2022-03-12 15:18:42,514 INFO __main__:checkMultiple() : Checking: WMT (20 day window)
2022-03-12 15:18:44,074 INFO __main__:checkMultiple() : Checking: PG (20 day window)
2022-03-12 15:18:45,343 INFO __main__:checkMultiple() : Checking: MA (20 day window)
2022-03-12 15:18:46,834 INFO __main__:checkMultiple() : Checking: HD (20 day window)
2022-03-12 15:18:48,244 INFO __main__:checkMultiple() : Checking: ZOM (20 day window)
2022-03-12 15:18:48,879 INFO __main__:checkMultiple() : Checking: BABA (20 day window)
2022-03-12 15:18:49,643 INFO __main__:checkMultiple() : Checking: DIS (20 day window)
2022-03-12 15:18:51,284 INFO __main__:checkMultiple() : Checking: ASML (20 day window)
2022-03-12 15:18:52,303 INFO __main__:checkMultiple() : Checking: KO (20 day window)
2022-03-12 15:18:53,564 INFO __main__:checkMultiple() : Checking: CVX (20 day window)
2022-03-12 15:18:55,333 INFO __main__:checkMultiple() : Checking: PFE (20 day window)
2022-03-12 15:18:56,939 INFO __main__:checkMultiple() : Checking: ABBV (20 day window)
2022-03-12 15:18:58,021 INFO __main__:checkMultiple() : Checking: TM (20 day window)
2022-03-12 15:18:59,134 INFO __main__:checkMultiple() : Checking: NTES (20 day window)
2022-03-12 15:19:00,175 INFO __main__:checkMultiple() : Checking: AVGO (20 day window)
2022-03-12 15:19:00,982 INFO __main__:checkMultiple() : Checking: LLY (20 day window)
2022-03-12 15:19:02,281 INFO __main__:checkMultiple() : Checking: CSCO (20 day window)
2022-03-12 15:19:03,209 INFO __main__:checkMultiple() : Checking: PEP (20 day window)
2022-03-12 15:19:04,316 INFO __main__:checkMultiple() : Checking: NVO (20 day window)
2022-03-12 15:19:06,302 INFO __main__:checkMultiple() : Checking: COST (20 day window)
2022-03-12 15:19:07,345 INFO __main__:checkMultiple() : Checking: VZ (20 day window)
2022-03-12 15:19:08,458 INFO __main__:checkMultiple() : Checking: ADBE (20 day window)
2022-03-12 15:19:09,731 INFO __main__:checkMultiple() : Checking: NKE (20 day window)
2022-03-12 15:19:11,384 INFO __main__:checkMultiple() : Checking: TMO (20 day window)
2022-03-12 15:19:12,401 INFO __main__:checkMultiple() : Checking: ABT (20 day window)
2022-03-12 15:19:13,156 INFO __main__:checkMultiple() : Checking: CMCSA (20 day window)
2022-03-12 15:19:14,833 INFO __main__:checkMultiple() : Checking: WFC (20 day window)
2022-03-12 15:19:16,068 INFO __main__:checkMultiple() : Checking: CRM (20 day window)
2022-03-12 15:19:16,723 INFO __main__:checkMultiple() : Checking: ACN (20 day window)
2022-03-12 15:19:17,779 INFO __main__:checkMultiple() : Checking: ORCL (20 day window)
2022-03-12 15:19:18,795 INFO __main__:checkMultiple() : Checking: SHEL (20 day window)
2022-03-12 15:19:19,693 INFO __main__:checkMultiple() : Checking: DHR (20 day window)
2022-03-12 15:19:20,856 INFO __main__:checkMultiple() : Checking: NVS (20 day window)
2022-03-12 15:19:21,769 INFO __main__:checkMultiple() : Checking: INTC (20 day window)
2022-03-12 15:19:22,748 INFO __main__:checkMultiple() : Checking: QCOM (20 day window)
2022-03-12 15:19:23,818 INFO __main__:checkMultiple() : Checking: MRK (20 day window)
2022-03-12 15:19:23,997 INFO __main__:checkMultiple() : Checking: MCD (20 day window)
2022-03-12 15:19:25,370 INFO __main__:checkMultiple() : Checking: UPS (20 day window)
2022-03-12 15:19:26,763 INFO __main__:checkMultiple() : Checking: AZN (20 day window)
2022-03-12 15:19:27,979 INFO __main__:checkMultiple() : Checking: NFLX (20 day window)
2022-03-12 15:19:28,526 INFO __main__:checkMultiple() : Checking: T (20 day window)
2022-03-12 15:19:29,673 INFO __main__:checkMultiple() : Checking: MS (20 day window)
2022-03-12 15:19:30,745 INFO __main__:checkMultiple() : Checking: BHP (20 day window)
2022-03-12 15:19:32,135 INFO __main__:checkMultiple() : Checking: PM (20 day window)
2022-03-12 15:19:33,402 INFO __main__:checkMultiple() : Checking: TXN (20 day window)
2022-03-12 15:19:34,750 INFO __main__:checkMultiple() : Checking: SCHW (20 day window)
2022-03-12 15:19:35,980 INFO __main__:checkMultiple() : Checking: TMUS (20 day window)
2022-03-12 15:19:36,903 INFO __main__:checkMultiple() : Checking: UNP (20 day window)
2022-03-12 15:19:37,955 INFO __main__:checkMultiple() : Checking: RY (20 day window)
2022-03-12 15:19:39,102 INFO __main__:checkMultiple() : Checking: NEE (20 day window)
2022-03-12 15:19:40,443 INFO __main__:checkMultiple() : Checking: BMY (20 day window)
2022-03-12 15:19:40,588 INFO __main__:checkMultiple() : Checking: LIN (20 day window)
2022-03-12 15:19:41,495 INFO __main__:checkMultiple() : Checking: TD (20 day window)
2022-03-12 15:19:42,385 INFO __main__:checkMultiple() : Checking: LOW (20 day window)
2022-03-12 15:19:43,505 INFO __main__:checkMultiple() : Checking: AXP (20 day window)
2022-03-12 15:19:44,899 INFO __main__:checkMultiple() : Checking: HSBC (20 day window)
2022-03-12 15:19:45,944 INFO __main__:checkMultiple() : Checking: INTU (20 day window)
2022-03-12 15:19:47,225 INFO __main__:checkMultiple() : Checking: RTX (20 day window)
2022-03-12 15:19:48,356 INFO __main__:checkMultiple() : Checking: MDT (20 day window)
2022-03-12 15:19:49,762 INFO __main__:checkMultiple() : Checking: TTE (20 day window)
2022-03-12 15:19:50,595 INFO __main__:checkMultiple() : Checking: CVS (20 day window)
2022-03-12 15:19:51,691 INFO __main__:checkMultiple() : Checking: SAP (20 day window)
